<?xml version="1.0" encoding="UTF-8"?>
<!-- Generated by org.testng.reporters.JUnitXMLReporter -->
<testsuite hostname="nivelleMac" ignored="0" name="test_ng" tests="5" failures="0" timestamp="27 十月 2020 12:12:52 GMT" time="0.052" errors="0">
  <testcase name="paramsTest3" time="0.014" classname="com.nivelle.spring.testng.TestNgParams"/>
  <testcase name="paramsTest1" time="0.014" classname="com.nivelle.spring.testng.TestNgParams"/>
  <testcase name="paramsTest3" time="0.001" classname="com.nivelle.spring.testng.TestNgParams"/>
  <testcase name="paramsTest3" time="0.0" classname="com.nivelle.spring.testng.TestNgParams"/>
  <testcase name="paramsTest2" time="0.0" classname="com.nivelle.spring.testng.TestNgParams"/>
</testsuite> <!-- test_ng -->
